# JRE version: OpenJDK Runtime Environment GraalVM CE 22.3.0 (17.0.5+8) (build 17.0.5+8-jvmci-22.3-b08)
# Java VM: OpenJDK 64-Bit Server VM GraalVM CE 22.3.0 (17.0.5+8-jvmci-22.3-b08, mixed mode, sharing, tiered, jvmci, jvmci compiler, compressed oops, compressed class ptrs, parallel gc, linux-amd64)
GC Precious Log:
 CPUs: 8 total, 1 available
 Memory: 1024M
 Large Page Support: Disabled
 NUMA Support: Disabled
 Compressed Oops: Enabled (32-bit)
 Alignments: Space 512K, Generation 512K, Heap 2M
 Heap Min Capacity: 100M
 Heap Initial Capacity: 100M
 Heap Max Capacity: 512M
 Pre-touch: Disabled
 Parallel Workers: 1
Heap:
 PSYoungGen      total 65536K, used 37887K [0x00000000f5580000, 0x00000000fb700000, 0x0000000100000000)
  eden space 37888K, 99% used [0x00000000f5580000,0x00000000f7a7fff8,0x00000000f7a80000)
  from space 27648K, 0% used [0x00000000f9c00000,0x00000000f9c00000,0x00000000fb700000)
  to   space 13824K, 0% used [0x00000000f7a80000,0x00000000f7a80000,0x00000000f8800000)
 ParOldGen       total 349696K, used 349695K [0x00000000e0000000, 0x00000000f5580000, 0x00000000f5580000)
  object space 349696K, 99% used [0x00000000e0000000,0x00000000f557fff8,0x00000000f5580000)
 Metaspace       used 55192K, committed 56320K, reserved 1105920K
  class space    used 5195K, committed 5696K, reserved 1048576K
GC Heap History (20 events):
Event: 1356.138 GC heap before
{Heap before GC invocations=659 (full 603):
 PSYoungGen      total 65536K, used 37887K [0x00000000f5580000, 0x00000000fb700000, 0x0000000100000000)
  eden space 37888K, 99% used [0x00000000f5580000,0x00000000f7a7fff0,0x00000000f7a80000)
  from space 27648K, 0% used [0x00000000f9c00000,0x00000000f9c00000,0x00000000fb700000)
  to   space 13824K, 0% used [0x00000000f7a80000,0x00000000f7a80000,0x00000000f8800000)
 ParOldGen       total 349696K, used 349696K [0x00000000e0000000, 0x00000000f5580000, 0x00000000f5580000)
  object space 349696K, 100% used [0x00000000e0000000,0x00000000f5580000,0x00000000f5580000)
 Metaspace       used 55192K, committed 56320K, reserved 1105920K
  class space    used 5195K, committed 5696K, reserved 1048576K
}
Event: 1358.413 GC heap after
{Heap after GC invocations=659 (full 603):
 PSYoungGen      total 51712K, used 37887K [0x00000000f5580000, 0x00000000fb700000, 0x0000000100000000)
  eden space 37888K, 99% used [0x00000000f5580000,0x00000000f7a7fff0,0x00000000f7a80000)
  from space 13824K, 0% used [0x00000000f7a80000,0x00000000f7a80000,0x00000000f8800000)
  to   space 27648K, 0% used [0x00000000f9c00000,0x00000000f9c00000,0x00000000fb700000)
 ParOldGen       total 349696K, used 349696K [0x00000000e0000000, 0x00000000f5580000, 0x00000000f5580000)
  object space 349696K, 100% used [0x00000000e0000000,0x00000000f5580000,0x00000000f5580000)
 Metaspace       used 55192K, committed 56320K, reserved 1105920K
  class space    used 5195K, committed 5696K, reserved 1048576K
}
Event: 1358.413 GC heap before
{Heap before GC invocations=660 (full 604):
 PSYoungGen      total 51712K, used 37887K [0x00000000f5580000, 0x00000000fb700000, 0x0000000100000000)
  eden space 37888K, 99% used [0x00000000f5580000,0x00000000f7a7fff0,0x00000000f7a80000)
  from space 13824K, 0% used [0x00000000f7a80000,0x00000000f7a80000,0x00000000f8800000)
  to   space 27648K, 0% used [0x00000000f9c00000,0x00000000f9c00000,0x00000000fb700000)
 ParOldGen       total 349696K, used 349696K [0x00000000e0000000, 0x00000000f5580000, 0x00000000f5580000)
  object space 349696K, 100% used [0x00000000e0000000,0x00000000f5580000,0x00000000f5580000)
 Metaspace       used 55192K, committed 56320K, reserved 1105920K
  class space    used 5195K, committed 5696K, reserved 1048576K
}
Event: 1360.425 GC heap after
{Heap after GC invocations=660 (full 604):
 PSYoungGen      total 65536K, used 37887K [0x00000000f5580000, 0x00000000fb700000, 0x0000000100000000)
  eden space 37888K, 99% used [0x00000000f5580000,0x00000000f7a7fff0,0x00000000f7a80000)
  from space 27648K, 0% used [0x00000000f9c00000,0x00000000f9c00000,0x00000000fb700000)
  to   space 13824K, 0% used [0x00000000f7a80000,0x00000000f7a80000,0x00000000f8800000)
 ParOldGen       total 349696K, used 349696K [0x00000000e0000000, 0x00000000f5580000, 0x00000000f5580000)
  object space 349696K, 100% used [0x00000000e0000000,0x00000000f5580000,0x00000000f5580000)
 Metaspace       used 55192K, committed 56320K, reserved 1105920K
  class space    used 5195K, committed 5696K, reserved 1048576K
}
Event: 1360.425 GC heap before
{Heap before GC invocations=661 (full 605):
 PSYoungGen      total 65536K, used 37888K [0x00000000f5580000, 0x00000000fb700000, 0x0000000100000000)
  eden space 37888K, 100% used [0x00000000f5580000,0x00000000f7a80000,0x00000000f7a80000)
  from space 27648K, 0% used [0x00000000f9c00000,0x00000000f9c00000,0x00000000fb700000)
  to   space 13824K, 0% used [0x00000000f7a80000,0x00000000f7a80000,0x00000000f8800000)
 ParOldGen       total 349696K, used 349696K [0x00000000e0000000, 0x00000000f5580000, 0x00000000f5580000)
  object space 349696K, 100% used [0x00000000e0000000,0x00000000f5580000,0x00000000f5580000)
 Metaspace       used 55192K, committed 56320K, reserved 1105920K
  class space    used 5195K, committed 5696K, reserved 1048576K
}
Event: 1362.525 GC heap after
{Heap after GC invocations=661 (full 605):
 PSYoungGen      total 51712K, used 37887K [0x00000000f5580000, 0x00000000fb700000, 0x0000000100000000)
  eden space 37888K, 99% used [0x00000000f5580000,0x00000000f7a7fff0,0x00000000f7a80000)
  from space 13824K, 0% used [0x00000000f7a80000,0x00000000f7a80000,0x00000000f8800000)
  to   space 27648K, 0% used [0x00000000f9c00000,0x00000000f9c00000,0x00000000fb700000)
 ParOldGen       total 349696K, used 349694K [0x00000000e0000000, 0x00000000f5580000, 0x00000000f5580000)
  object space 349696K, 99% used [0x00000000e0000000,0x00000000f557fa60,0x00000000f5580000)
 Metaspace       used 55192K, committed 56320K, reserved 1105920K
  class space    used 5195K, committed 5696K, reserved 1048576K
}
Event: 1362.526 GC heap before
{Heap before GC invocations=662 (full 606):
 PSYoungGen      total 51712K, used 37888K [0x00000000f5580000, 0x00000000fb700000, 0x0000000100000000)
  eden space 37888K, 100% used [0x00000000f5580000,0x00000000f7a80000,0x00000000f7a80000)
  from space 13824K, 0% used [0x00000000f7a80000,0x00000000f7a80000,0x00000000f8800000)
  to   space 27648K, 0% used [0x00000000f9c00000,0x00000000f9c00000,0x00000000fb700000)
 ParOldGen       total 349696K, used 349696K [0x00000000e0000000, 0x00000000f5580000, 0x00000000f5580000)
  object space 349696K, 100% used [0x00000000e0000000,0x00000000f5580000,0x00000000f5580000)
 Metaspace       used 55192K, committed 56320K, reserved 1105920K
  class space    used 5195K, committed 5696K, reserved 1048576K
}
Event: 1364.636 GC heap after
{Heap after GC invocations=662 (full 606):
 PSYoungGen      total 65536K, used 37887K [0x00000000f5580000, 0x00000000fb700000, 0x0000000100000000)
  eden space 37888K, 99% used [0x00000000f5580000,0x00000000f7a7fff0,0x00000000f7a80000)
  from space 27648K, 0% used [0x00000000f9c00000,0x00000000f9c00000,0x00000000fb700000)
  to   space 13824K, 0% used [0x00000000f7a80000,0x00000000f7a80000,0x00000000f8800000)
 ParOldGen       total 349696K, used 349694K [0x00000000e0000000, 0x00000000f5580000, 0x00000000f5580000)
  object space 349696K, 99% used [0x00000000e0000000,0x00000000f557faa0,0x00000000f5580000)
 Metaspace       used 55192K, committed 56320K, reserved 1105920K
  class space    used 5195K, committed 5696K, reserved 1048576K
}
Event: 1364.636 GC heap before
{Heap before GC invocations=663 (full 607):
 PSYoungGen      total 65536K, used 37888K [0x00000000f5580000, 0x00000000fb700000, 0x0000000100000000)
  eden space 37888K, 100% used [0x00000000f5580000,0x00000000f7a80000,0x00000000f7a80000)
  from space 27648K, 0% used [0x00000000f9c00000,0x00000000f9c00000,0x00000000fb700000)
  to   space 13824K, 0% used [0x00000000f7a80000,0x00000000f7a80000,0x00000000f8800000)
 ParOldGen       total 349696K, used 349694K [0x00000000e0000000, 0x00000000f5580000, 0x00000000f5580000)
  object space 349696K, 99% used [0x00000000e0000000,0x00000000f557fb38,0x00000000f5580000)
 Metaspace       used 55192K, committed 56320K, reserved 1105920K
  class space    used 5195K, committed 5696K, reserved 1048576K
}
Event: 1366.642 GC heap after
{Heap after GC invocations=663 (full 607):
 PSYoungGen      total 51712K, used 37887K [0x00000000f5580000, 0x00000000fb700000, 0x0000000100000000)
  eden space 37888K, 99% used [0x00000000f5580000,0x00000000f7a7fff0,0x00000000f7a80000)
  from space 13824K, 0% used [0x00000000f7a80000,0x00000000f7a80000,0x00000000f8800000)
  to   space 27648K, 0% used [0x00000000f9c00000,0x00000000f9c00000,0x00000000fb700000)
 ParOldGen       total 349696K, used 349694K [0x00000000e0000000, 0x00000000f5580000, 0x00000000f5580000)
  object space 349696K, 99% used [0x00000000e0000000,0x00000000f557faa8,0x00000000f5580000)
 Metaspace       used 55192K, committed 56320K, reserved 1105920K
  class space    used 5195K, committed 5696K, reserved 1048576K
}
Event: 1366.643 GC heap before
{Heap before GC invocations=664 (full 608):
 PSYoungGen      total 51712K, used 37888K [0x00000000f5580000, 0x00000000fb700000, 0x0000000100000000)
  eden space 37888K, 100% used [0x00000000f5580000,0x00000000f7a80000,0x00000000f7a80000)
  from space 13824K, 0% used [0x00000000f7a80000,0x00000000f7a80000,0x00000000f8800000)
  to   space 27648K, 0% used [0x00000000f9c00000,0x00000000f9c00000,0x00000000fb700000)
 ParOldGen       total 349696K, used 349694K [0x00000000e0000000, 0x00000000f5580000, 0x00000000f5580000)
  object space 349696K, 99% used [0x00000000e0000000,0x00000000f557faa8,0x00000000f5580000)
 Metaspace       used 55192K, committed 56320K, reserved 1105920K
  class space    used 5195K, committed 5696K, reserved 1048576K
}
Event: 1368.636 GC heap after
{Heap after GC invocations=664 (full 608):
 PSYoungGen      total 65536K, used 37887K [0x00000000f5580000, 0x00000000fb700000, 0x0000000100000000)
  eden space 37888K, 99% used [0x00000000f5580000,0x00000000f7a7fff0,0x00000000f7a80000)
  from space 27648K, 0% used [0x00000000f9c00000,0x00000000f9c00000,0x00000000fb700000)
  to   space 13824K, 0% used [0x00000000f7a80000,0x00000000f7a80000,0x00000000f8800000)
 ParOldGen       total 349696K, used 349694K [0x00000000e0000000, 0x00000000f5580000, 0x00000000f5580000)
  object space 349696K, 99% used [0x00000000e0000000,0x00000000f557fa88,0x00000000f5580000)
 Metaspace       used 55192K, committed 56320K, reserved 1105920K
  class space    used 5195K, committed 5696K, reserved 1048576K
}
Event: 1368.637 GC heap before
{Heap before GC invocations=665 (full 609):
 PSYoungGen      total 65536K, used 37888K [0x00000000f5580000, 0x00000000fb700000, 0x0000000100000000)
  eden space 37888K, 100% used [0x00000000f5580000,0x00000000f7a80000,0x00000000f7a80000)
  from space 27648K, 0% used [0x00000000f9c00000,0x00000000f9c00000,0x00000000fb700000)
  to   space 13824K, 0% used [0x00000000f7a80000,0x00000000f7a80000,0x00000000f8800000)
 ParOldGen       total 349696K, used 349696K [0x00000000e0000000, 0x00000000f5580000, 0x00000000f5580000)
  object space 349696K, 100% used [0x00000000e0000000,0x00000000f5580000,0x00000000f5580000)
 Metaspace       used 55192K, committed 56320K, reserved 1105920K
  class space    used 5195K, committed 5696K, reserved 1048576K
}
Event: 1370.403 GC heap after
{Heap after GC invocations=665 (full 609):
 PSYoungGen      total 51712K, used 37887K [0x00000000f5580000, 0x00000000fb700000, 0x0000000100000000)
  eden space 37888K, 99% used [0x00000000f5580000,0x00000000f7a7ffd8,0x00000000f7a80000)
  from space 13824K, 0% used [0x00000000f7a80000,0x00000000f7a80000,0x00000000f8800000)
  to   space 27648K, 0% used [0x00000000f9c00000,0x00000000f9c00000,0x00000000fb700000)
 ParOldGen       total 349696K, used 349694K [0x00000000e0000000, 0x00000000f5580000, 0x00000000f5580000)
  object space 349696K, 99% used [0x00000000e0000000,0x00000000f557fbe0,0x00000000f5580000)
 Metaspace       used 55192K, committed 56320K, reserved 1105920K
  class space    used 5195K, committed 5696K, reserved 1048576K
}
Event: 1370.403 GC heap before
{Heap before GC invocations=666 (full 610):
 PSYoungGen      total 51712K, used 37887K [0x00000000f5580000, 0x00000000fb700000, 0x0000000100000000)
  eden space 37888K, 99% used [0x00000000f5580000,0x00000000f7a7ffe8,0x00000000f7a80000)
  from space 13824K, 0% used [0x00000000f7a80000,0x00000000f7a80000,0x00000000f8800000)
  to   space 27648K, 0% used [0x00000000f9c00000,0x00000000f9c00000,0x00000000fb700000)
 ParOldGen       total 349696K, used 349694K [0x00000000e0000000, 0x00000000f5580000, 0x00000000f5580000)
  object space 349696K, 99% used [0x00000000e0000000,0x00000000f557fbe0,0x00000000f5580000)
 Metaspace       used 55192K, committed 56320K, reserved 1105920K
  class space    used 5195K, committed 5696K, reserved 1048576K
}
Event: 1372.295 GC heap after
{Heap after GC invocations=666 (full 610):
 PSYoungGen      total 65536K, used 37887K [0x00000000f5580000, 0x00000000fb700000, 0x0000000100000000)
  eden space 37888K, 99% used [0x00000000f5580000,0x00000000f7a7ffe8,0x00000000f7a80000)
  from space 27648K, 0% used [0x00000000f9c00000,0x00000000f9c00000,0x00000000fb700000)
  to   space 13824K, 0% used [0x00000000f7a80000,0x00000000f7a80000,0x00000000f8800000)
 ParOldGen       total 349696K, used 349694K [0x00000000e0000000, 0x00000000f5580000, 0x00000000f5580000)
  object space 349696K, 99% used [0x00000000e0000000,0x00000000f557fbc0,0x00000000f5580000)
 Metaspace       used 55192K, committed 56320K, reserved 1105920K
  class space    used 5195K, committed 5696K, reserved 1048576K
}
Event: 1372.296 GC heap before
{Heap before GC invocations=667 (full 611):
 PSYoungGen      total 65536K, used 37888K [0x00000000f5580000, 0x00000000fb700000, 0x0000000100000000)
  eden space 37888K, 100% used [0x00000000f5580000,0x00000000f7a80000,0x00000000f7a80000)
  from space 27648K, 0% used [0x00000000f9c00000,0x00000000f9c00000,0x00000000fb700000)
  to   space 13824K, 0% used [0x00000000f7a80000,0x00000000f7a80000,0x00000000f8800000)
 ParOldGen       total 349696K, used 349695K [0x00000000e0000000, 0x00000000f5580000, 0x00000000f5580000)
  object space 349696K, 99% used [0x00000000e0000000,0x00000000f557ff18,0x00000000f5580000)
 Metaspace       used 55192K, committed 56320K, reserved 1105920K
  class space    used 5195K, committed 5696K, reserved 1048576K
}
Event: 1374.020 GC heap after
{Heap after GC invocations=667 (full 611):
 PSYoungGen      total 51712K, used 37887K [0x00000000f5580000, 0x00000000fb700000, 0x0000000100000000)
  eden space 37888K, 99% used [0x00000000f5580000,0x00000000f7a7ff88,0x00000000f7a80000)
  from space 13824K, 0% used [0x00000000f7a80000,0x00000000f7a80000,0x00000000f8800000)
  to   space 27648K, 0% used [0x00000000f9c00000,0x00000000f9c00000,0x00000000fb700000)
 ParOldGen       total 349696K, used 349695K [0x00000000e0000000, 0x00000000f5580000, 0x00000000f5580000)
  object space 349696K, 99% used [0x00000000e0000000,0x00000000f557fd98,0x00000000f5580000)
 Metaspace       used 55192K, committed 56320K, reserved 1105920K
  class space    used 5195K, committed 5696K, reserved 1048576K
}
Event: 1374.020 GC heap before
{Heap before GC invocations=668 (full 612):
 PSYoungGen      total 51712K, used 37887K [0x00000000f5580000, 0x00000000fb700000, 0x0000000100000000)
  eden space 37888K, 99% used [0x00000000f5580000,0x00000000f7a7ff88,0x00000000f7a80000)
  from space 13824K, 0% used [0x00000000f7a80000,0x00000000f7a80000,0x00000000f8800000)
  to   space 27648K, 0% used [0x00000000f9c00000,0x00000000f9c00000,0x00000000fb700000)
 ParOldGen       total 349696K, used 349695K [0x00000000e0000000, 0x00000000f5580000, 0x00000000f5580000)
  object space 349696K, 99% used [0x00000000e0000000,0x00000000f557fd98,0x00000000f5580000)
 Metaspace       used 55192K, committed 56320K, reserved 1105920K
  class space    used 5195K, committed 5696K, reserved 1048576K
}
Event: 1376.006 GC heap after
{Heap after GC invocations=668 (full 612):
 PSYoungGen      total 65536K, used 37887K [0x00000000f5580000, 0x00000000fb700000, 0x0000000100000000)
  eden space 37888K, 99% used [0x00000000f5580000,0x00000000f7a7ff88,0x00000000f7a80000)
  from space 27648K, 0% used [0x00000000f9c00000,0x00000000f9c00000,0x00000000fb700000)
  to   space 13824K, 0% used [0x00000000f7a80000,0x00000000f7a80000,0x00000000f8800000)
 ParOldGen       total 349696K, used 349695K [0x00000000e0000000, 0x00000000f5580000, 0x00000000f5580000)
  object space 349696K, 99% used [0x00000000e0000000,0x00000000f557fd98,0x00000000f5580000)
 Metaspace       used 55192K, committed 56320K, reserved 1105920K
  class space    used 5195K, committed 5696K, reserved 1048576K
}

